<?xml version="1.0" encoding="UTF-8"?>
<testng-results skipped="0" failed="0" total="3" passed="3">
  <reporter-output>
  </reporter-output>
  <suite name="Default suite" duration-ms="29360" started-at="2016-05-31T13:25:31Z" finished-at="2016-05-31T13:26:01Z">
    <groups>
    </groups>
    <test name="Default test" duration-ms="29360" started-at="2016-05-31T13:25:31Z" finished-at="2016-05-31T13:26:01Z">
      <class name="module.BaseClass">
        <test-method status="PASS" signature="beforeTest()[pri:0, instance:module.BaseClass@5419f379]" name="beforeTest" is-config="true" duration-ms="7453" started-at="2016-05-31T18:55:31Z" finished-at="2016-05-31T18:55:39Z">
          <reporter-output>
          </reporter-output>
        </test-method> <!-- beforeTest -->
        <test-method status="PASS" signature="test1()[pri:0, instance:module.BaseClass@5419f379]" name="test1" duration-ms="2191" started-at="2016-05-31T18:55:39Z" finished-at="2016-05-31T18:55:41Z">
          <reporter-output>
          </reporter-output>
        </test-method> <!-- test1 -->
        <test-method status="PASS" signature="afterTest()[pri:0, instance:module.BaseClass@5419f379]" name="afterTest" is-config="true" duration-ms="435" started-at="2016-05-31T18:55:41Z" finished-at="2016-05-31T18:55:41Z">
          <reporter-output>
          </reporter-output>
        </test-method> <!-- afterTest -->
        <test-method status="PASS" signature="beforeTest()[pri:0, instance:module.BaseClass@5419f379]" name="beforeTest" is-config="true" duration-ms="5908" started-at="2016-05-31T18:55:41Z" finished-at="2016-05-31T18:55:47Z">
          <reporter-output>
          </reporter-output>
        </test-method> <!-- beforeTest -->
        <test-method status="PASS" signature="test2()[pri:0, instance:module.BaseClass@5419f379]" name="test2" duration-ms="3006" started-at="2016-05-31T18:55:47Z" finished-at="2016-05-31T18:55:50Z">
          <reporter-output>
          </reporter-output>
        </test-method> <!-- test2 -->
        <test-method status="PASS" signature="afterTest()[pri:0, instance:module.BaseClass@5419f379]" name="afterTest" is-config="true" duration-ms="350" started-at="2016-05-31T18:55:50Z" finished-at="2016-05-31T18:55:51Z">
          <reporter-output>
          </reporter-output>
        </test-method> <!-- afterTest -->
        <test-method status="PASS" signature="beforeTest()[pri:0, instance:module.BaseClass@5419f379]" name="beforeTest" is-config="true" duration-ms="7356" started-at="2016-05-31T18:55:51Z" finished-at="2016-05-31T18:55:58Z">
          <reporter-output>
          </reporter-output>
        </test-method> <!-- beforeTest -->
        <test-method status="PASS" signature="test3()[pri:0, instance:module.BaseClass@5419f379]" name="test3" duration-ms="2167" started-at="2016-05-31T18:55:58Z" finished-at="2016-05-31T18:56:00Z">
          <reporter-output>
          </reporter-output>
        </test-method> <!-- test3 -->
        <test-method status="PASS" signature="afterTest()[pri:0, instance:module.BaseClass@5419f379]" name="afterTest" is-config="true" duration-ms="470" started-at="2016-05-31T18:56:00Z" finished-at="2016-05-31T18:56:01Z">
          <reporter-output>
          </reporter-output>
        </test-method> <!-- afterTest -->
      </class> <!-- module.BaseClass -->
    </test> <!-- Default test -->
  </suite> <!-- Default suite -->
</testng-results>
